#, -1
#, -1
int, -1
num, 36
=, -1
int, -1
(, -1
input, -1
<, -1
<, -1
", -1
:, -1
", -1
>, -1
>, -1
), -1
int, -1
i, 5
boolean, -1
flag, 10
=, -1
F, -1
if, -1
[, -1
num, 36
=, -1
=, -1
1, 49
], -1
print, -1
<, -1
<, -1
num, 36
,, -1
", -1
", -1
>, -1
>, -1
else, -1
if, -1
[, -1
num, 36
>, -1
1, 49
], -1
for, -1
i, 5
:, -1
[, -1
2, 50
,, -1
num, 36
], -1
if, -1
[, -1
(, -1
num, 36
%, -1
i, 5
), -1
=, -1
=, -1
0, 48
], -1
flag, 10
=, -1
T, -1
break, -1
#, -1
if, -1
#, -1
if, -1
[, -1
flag, 10
], -1
print, -1
<, -1
<, -1
num, 36
,, -1
", -1
", -1
>, -1
>, -1
else, -1
print, -1
<, -1
<, -1
num, 36
,, -1
", -1
", -1
>, -1
>, -1
#, -1
#, -1
int, -1
num, 36
=, -1
int, -1
(, -1
int, -1
i, 5
boolean, -1
flag, 10
=, -1
F, -1
if, -1
[, -1
num, 36
=, -1
=, -1
1, 49
], -1
print, -1
<, -1
<, -1
num, 36
,, -1
", -1
", -1
>, -1
>, -1
else, -1
if, -1
[, -1
num, 36
>, -1
1, 49
], -1
for, -1
i, 5
:, -1
[, -1
2, 50
,, -1
num, 36
], -1
if, -1
[, -1
(, -1
num, 36
%, -1
i, 5
), -1
=, -1
=, -1
0, 48
], -1
flag, 10
=, -1
T, -1
break, -1
#, -1
if, -1
#, -1
if, -1
[, -1
flag, 10
], -1
print, -1
<, -1
<, -1
num, 36
,, -1
", -1
", -1
>, -1
>, -1
else, -1
print, -1
<, -1
<, -1
num, 36
,, -1
", -1
", -1
>, -1
>, -1
#, -1
#, -1
define, -1
int, -1
maximum, 66
(, -1
a, 97
,, -1
b, 98
,, -1
c, 99
), -1
int, -1
largest, 54
if, -1
[, -1
a, 97
>, -1
=, -1
b, 98
], -1
&&, -1
[, -1
a, 97
>, -1
=, -1
c, 99
], -1
largest, 54
=, -1
a, 97
else, -1
if, -1
[, -1
b, 98
>, -1
=, -1
a, 97
], -1
&&, -1
[, -1
b, 98
>, -1
=, -1
c, 99
], -1
largest, 54
=, -1
b, 98
else, -1
largest, 54
=, -1
c, 99
ret, 31
largest, 54
int, -1
a, 97
=, -1
10, 97
int, -1
b, 98
=, -1
14, 1
int, -1
c, 99
=, -1
12, 99
print, -1
<, -1
<, -1
maximum, 66
(, -1
a, 97
,, -1
b, 98
,, -1
c, 99
), -1
>, -1
>, -1
#, -1
#, -1
int, -1
sum, 41
=, -1
0, 48
int, -1
i, 5
,, -1
num, 36
print, -1
<, -1
<, -1
", -1
:, -1
", -1
>, -1
>, -1
int, -1
n, 10
=, -1
int, -1
(, -1
input, -1
<, -1
<, -1
>, -1
>, -1
), -1
print, -1
<, -1
<, -1
", -1
", -1
+, -1
str, 45
(, -1
n, 10
), -1
+, -1
", -1
:, -1
", -1
>, -1
>, -1
for, -1
i, 5
:, -1
[, -1
0, 48
,, -1
n, 10
], -1
num, 36
=, -1
int, -1
(, -1
input, -1
<, -1
<, -1
>, -1
>, -1
), -1
sum, 41
=, -1
sum, 41
+, -1
num, 36
print, -1
<, -1
<, -1
", -1
", -1
+, -1
str, 45
(, -1
n, 10
), -1
+, -1
", -1
=, -1
", -1
+, -1
str, 45
(, -1
sum, 41
), -1
>, -1
>, -1
